e:\work\vc\d2dapp\debug\app2\app2.winmd
e:\work\vc\d2dapp\app2\debug\resourcehandlingtask.state
e:\work\vc\d2dapp\app2\debug\app2.vcxproj.generateresource.cache
e:\work\vc\d2dapp\app2\debug\priconfig.xml
e:\work\vc\d2dapp\app2\debug\priconfig.xml.intermediate
e:\work\vc\d2dapp\app2\debug\unfiltered.layout.resfiles
e:\work\vc\d2dapp\app2\debug\unfiltered.layout.resfiles.intermediate
e:\work\vc\d2dapp\app2\debug\filtered.layout.resfiles
e:\work\vc\d2dapp\app2\debug\filtered.layout.resfiles.intermediate
e:\work\vc\d2dapp\app2\debug\excluded.layout.resfiles
e:\work\vc\d2dapp\app2\debug\excluded.layout.resfiles.intermediate
e:\work\vc\d2dapp\app2\debug\resources.resfiles
e:\work\vc\d2dapp\app2\debug\resources.resfiles.intermediate
e:\work\vc\d2dapp\app2\debug\pri.resfiles
e:\work\vc\d2dapp\app2\debug\pri.resfiles.intermediate
e:\work\vc\d2dapp\debug\app2\resources.pri
e:\work\vc\d2dapp\app2\debug\qualifiers.txt
e:\work\vc\d2dapp\app2\debug\qualifiers.txt.intermediate
e:\work\vc\d2dapp\app2\debug\multiplequalifiersperdimensionfound.txt
e:\work\vc\d2dapp\app2\debug\projectarchitectures.txt
e:\work\vc\d2dapp\debug\app2\appxmanifest.xml
e:\work\vc\d2dapp\debug\app2\app2.build.appxrecipe
e:\work\github\uwpfrm\uwpfrm\d2dapp\debug\app2\app2.winmd
e:\work\github\uwpfrm\uwpfrm\d2dapp\app2\debug\resourcehandlingtask.state
e:\work\github\uwpfrm\uwpfrm\d2dapp\app2\debug\app2.vcxproj.generateresource.cache
e:\work\github\uwpfrm\uwpfrm\d2dapp\app2\debug\priconfig.xml
e:\work\github\uwpfrm\uwpfrm\d2dapp\app2\debug\priconfig.xml.intermediate
e:\work\github\uwpfrm\uwpfrm\d2dapp\app2\debug\unfiltered.layout.resfiles
e:\work\github\uwpfrm\uwpfrm\d2dapp\app2\debug\unfiltered.layout.resfiles.intermediate
e:\work\github\uwpfrm\uwpfrm\d2dapp\app2\debug\filtered.layout.resfiles
e:\work\github\uwpfrm\uwpfrm\d2dapp\app2\debug\filtered.layout.resfiles.intermediate
e:\work\github\uwpfrm\uwpfrm\d2dapp\app2\debug\excluded.layout.resfiles
e:\work\github\uwpfrm\uwpfrm\d2dapp\app2\debug\excluded.layout.resfiles.intermediate
e:\work\github\uwpfrm\uwpfrm\d2dapp\app2\debug\resources.resfiles
e:\work\github\uwpfrm\uwpfrm\d2dapp\app2\debug\resources.resfiles.intermediate
e:\work\github\uwpfrm\uwpfrm\d2dapp\app2\debug\pri.resfiles
e:\work\github\uwpfrm\uwpfrm\d2dapp\app2\debug\pri.resfiles.intermediate
e:\work\github\uwpfrm\uwpfrm\d2dapp\debug\app2\resources.pri
e:\work\github\uwpfrm\uwpfrm\d2dapp\app2\debug\qualifiers.txt
e:\work\github\uwpfrm\uwpfrm\d2dapp\app2\debug\qualifiers.txt.intermediate
e:\work\github\uwpfrm\uwpfrm\d2dapp\app2\debug\multiplequalifiersperdimensionfound.txt
e:\work\github\uwpfrm\uwpfrm\d2dapp\app2\debug\projectarchitectures.txt
e:\work\github\uwpfrm\uwpfrm\d2dapp\debug\app2\appxmanifest.xml
e:\work\github\uwpfrm\uwpfrm\d2dapp\debug\app2\app2.build.appxrecipe
e:\work\vc\d2dapp\app2\debug\pch.pch
e:\work\vc\d2dapp\app2\debug\vc142.pdb
e:\work\vc\d2dapp\app2\debug\vc142.idb
e:\work\vc\d2dapp\app2\debug\pch.obj
e:\work\vc\d2dapp\app2\debug\d2dmainwindow.obj
e:\work\vc\d2dapp\app2\debug\d2duniversalcontrolbase.obj
e:\work\vc\d2dapp\app2\debug\deviceresources.obj
e:\work\vc\d2dapp\app2\debug\d2dcommon.obj
e:\work\vc\d2dapp\app2\debug\entry.obj
e:\work\vc\d2dapp\app2\debug\d2duniversalcontrol.obj
e:\work\vc\d2dapp\app2\debug\d2dcontext.obj
e:\work\vc\d2dapp\app2\debug\d2duniversalcontrolsbase.obj
e:\work\vc\d2dapp\app2\debug\caret.obj
e:\work\vc\d2dapp\app2\debug\app.obj
e:\work\vc\d2dapp\app2\debug\d2dtextbox.obj
e:\work\vc\d2dapp\app2\debug\app2main.obj
e:\work\vc\d2dapp\app2\debug\d2coretextbridge.obj
e:\work\vc\d2dapp\app2\debug\higgsjson.obj
e:\work\vc\d2dapp\app2\debug\d2dimeapp.obj
e:\work\github\uwpfrm\uwpfrm\d2dapp\app2\debug\pch.pch
e:\work\github\uwpfrm\uwpfrm\d2dapp\app2\debug\vc142.pdb
e:\work\github\uwpfrm\uwpfrm\d2dapp\app2\debug\vc142.idb
e:\work\github\uwpfrm\uwpfrm\d2dapp\app2\debug\pch.obj
e:\work\github\uwpfrm\uwpfrm\d2dapp\app2\debug\d2dtextbox.obj
e:\work\github\uwpfrm\uwpfrm\d2dapp\app2\debug\app2main.obj
e:\work\github\uwpfrm\uwpfrm\d2dapp\app2\debug\d2coretextbridge.obj
e:\work\github\uwpfrm\uwpfrm\d2dapp\app2\debug\d2duniversalcontrolsbase.obj
e:\work\github\uwpfrm\uwpfrm\d2dapp\app2\debug\d2dmainwindow.obj
e:\work\github\uwpfrm\uwpfrm\d2dapp\app2\debug\d2dcontext.obj
e:\work\github\uwpfrm\uwpfrm\d2dapp\app2\debug\d2duniversalcontrolbase.obj
e:\work\github\uwpfrm\uwpfrm\d2dapp\app2\debug\d2duniversalcontrol.obj
e:\work\github\uwpfrm\uwpfrm\d2dapp\app2\debug\deviceresources.obj
e:\work\github\uwpfrm\uwpfrm\d2dapp\app2\debug\d2dcommon.obj
e:\work\github\uwpfrm\uwpfrm\d2dapp\app2\debug\higgsjson.obj
e:\work\github\uwpfrm\uwpfrm\d2dapp\app2\debug\caret.obj
e:\work\github\uwpfrm\uwpfrm\d2dapp\app2\debug\app.obj
e:\work\github\uwpfrm\uwpfrm\d2dapp\app2\debug\d2dimeapp.obj
e:\work\github\uwpfrm\uwpfrm\d2dapp\app2\debug\entry.obj
e:\work\vc\d2dapp\debug\app2\app2.exe
e:\work\vc\d2dapp\debug\app2\app2.ilk
e:\work\vc\d2dapp\debug\app2\app2.pdb
e:\work\github\uwpfrm\uwpfrm\d2dapp\debug\app2\app2.exe
e:\work\github\uwpfrm\uwpfrm\d2dapp\debug\app2\app2.ilk
e:\work\github\uwpfrm\uwpfrm\d2dapp\debug\app2\app2.pdb
e:\work\github\uwpfrm\d2dapp\app2\debug\app2.vcxproj.generateresource.cache
e:\work\github\uwpfrm\d2dapp\app2\debug\app.obj
e:\work\github\uwpfrm\d2dapp\app2\debug\app2main.obj
e:\work\github\uwpfrm\d2dapp\app2\debug\caret.obj
e:\work\github\uwpfrm\d2dapp\app2\debug\d2coretextbridge.obj
e:\work\github\uwpfrm\d2dapp\app2\debug\d2dcommon.obj
e:\work\github\uwpfrm\d2dapp\app2\debug\d2dcontext.obj
e:\work\github\uwpfrm\d2dapp\app2\debug\d2dimeapp.obj
e:\work\github\uwpfrm\d2dapp\app2\debug\d2dmainwindow.obj
e:\work\github\uwpfrm\d2dapp\app2\debug\d2dtextbox.obj
e:\work\github\uwpfrm\d2dapp\app2\debug\d2duniversalcontrol.obj
e:\work\github\uwpfrm\d2dapp\app2\debug\d2duniversalcontrolbase.obj
e:\work\github\uwpfrm\d2dapp\app2\debug\d2duniversalcontrolsbase.obj
e:\work\github\uwpfrm\d2dapp\app2\debug\deviceresources.obj
e:\work\github\uwpfrm\d2dapp\app2\debug\entry.obj
e:\work\github\uwpfrm\d2dapp\app2\debug\higgsjson.obj
e:\work\github\uwpfrm\d2dapp\app2\debug\pch.obj
e:\work\github\uwpfrm\d2dapp\app2\debug\pch.pch
e:\work\github\uwpfrm\d2dapp\app2\debug\vc142.idb
e:\work\github\uwpfrm\d2dapp\app2\debug\vc142.pdb
e:\work\github\uwpfrm\d2dapp\app2\debug\priconfig.xml
e:\work\github\uwpfrm\d2dapp\debug\app2\app2.pdb
e:\work\github\uwpfrm\d2dapp\debug\app2\app2.exe
e:\work\github\uwpfrm\d2dapp\debug\app2\app2.ilk
e:\work\github\uwpfrm\d2dapp\app2\debug\app2.tlog\app2.read.1u.tlog
e:\work\github\uwpfrm\d2dapp\app2\debug\app2.tlog\app2.write.1u.tlog
e:\work\github\uwpfrm\d2dapp\app2\debug\app2.tlog\cl.command.1.tlog
e:\work\github\uwpfrm\d2dapp\app2\debug\app2.tlog\cl.read.1.tlog
e:\work\github\uwpfrm\d2dapp\app2\debug\app2.tlog\cl.write.1.tlog
e:\work\github\uwpfrm\d2dapp\app2\debug\app2.tlog\link.command.1.tlog
e:\work\github\uwpfrm\d2dapp\app2\debug\app2.tlog\link.read.1.tlog
e:\work\github\uwpfrm\d2dapp\app2\debug\app2.tlog\link.write.1.tlog
