e:\work\github\uwpfrm\uwpfrm\d2dapp\debug\app1\app1.winmd
e:\work\github\uwpfrm\uwpfrm\d2dapp\app1\debug\app1.vcxprojassemblyreference.cache
e:\work\github\uwpfrm\uwpfrm\d2dapp\app1\debug\resourcehandlingtask.state
e:\work\github\uwpfrm\uwpfrm\d2dapp\app1\debug\app1.vcxproj.generateresource.cache
e:\work\github\uwpfrm\uwpfrm\d2dapp\app1\debug\priconfig.xml
e:\work\github\uwpfrm\uwpfrm\d2dapp\app1\debug\priconfig.xml.intermediate
e:\work\github\uwpfrm\uwpfrm\d2dapp\app1\debug\unfiltered.layout.resfiles
e:\work\github\uwpfrm\uwpfrm\d2dapp\app1\debug\unfiltered.layout.resfiles.intermediate
e:\work\github\uwpfrm\uwpfrm\d2dapp\app1\debug\filtered.layout.resfiles
e:\work\github\uwpfrm\uwpfrm\d2dapp\app1\debug\filtered.layout.resfiles.intermediate
e:\work\github\uwpfrm\uwpfrm\d2dapp\app1\debug\excluded.layout.resfiles
e:\work\github\uwpfrm\uwpfrm\d2dapp\app1\debug\excluded.layout.resfiles.intermediate
e:\work\github\uwpfrm\uwpfrm\d2dapp\app1\debug\resources.resfiles
e:\work\github\uwpfrm\uwpfrm\d2dapp\app1\debug\resources.resfiles.intermediate
e:\work\github\uwpfrm\uwpfrm\d2dapp\app1\debug\pri.resfiles
e:\work\github\uwpfrm\uwpfrm\d2dapp\app1\debug\pri.resfiles.intermediate
e:\work\github\uwpfrm\uwpfrm\d2dapp\debug\app1\resources.pri
e:\work\github\uwpfrm\uwpfrm\d2dapp\app1\debug\qualifiers.txt
e:\work\github\uwpfrm\uwpfrm\d2dapp\app1\debug\qualifiers.txt.intermediate
e:\work\github\uwpfrm\uwpfrm\d2dapp\app1\debug\multiplequalifiersperdimensionfound.txt
e:\work\github\uwpfrm\uwpfrm\d2dapp\app1\debug\projectarchitectures.txt
e:\work\github\uwpfrm\uwpfrm\d2dapp\debug\app1\appxmanifest.xml
e:\work\github\uwpfrm\uwpfrm\d2dapp\debug\app1\app1.build.appxrecipe
e:\work\github\uwpfrm\uwpfrm\d2dapp\app1\debug\pch.pch
e:\work\github\uwpfrm\uwpfrm\d2dapp\app1\debug\vc142.pdb
e:\work\github\uwpfrm\uwpfrm\d2dapp\app1\debug\vc142.idb
e:\work\github\uwpfrm\uwpfrm\d2dapp\app1\debug\pch.obj
e:\work\github\uwpfrm\uwpfrm\d2dapp\app1\debug\d2duniversalcontrolbase.obj
e:\work\github\uwpfrm\uwpfrm\d2dapp\app1\debug\deviceresources.obj
e:\work\github\uwpfrm\uwpfrm\d2dapp\app1\debug\d2coretextbridge.obj
e:\work\github\uwpfrm\uwpfrm\d2dapp\app1\debug\higgsjson.obj
e:\work\github\uwpfrm\uwpfrm\d2dapp\app1\debug\d2dmainwindow.obj
e:\work\github\uwpfrm\uwpfrm\d2dapp\app1\debug\app1main.obj
e:\work\github\uwpfrm\uwpfrm\d2dapp\app1\debug\d2dcontext.obj
e:\work\github\uwpfrm\uwpfrm\d2dapp\app1\debug\d2duniversalcontrolsbase.obj
e:\work\github\uwpfrm\uwpfrm\d2dapp\app1\debug\d2dcommon.obj
e:\work\github\uwpfrm\uwpfrm\d2dapp\app1\debug\app.obj
e:\work\github\uwpfrm\uwpfrm\d2dapp\app1\debug\caret.obj
e:\work\github\uwpfrm\uwpfrm\d2dapp\app1\debug\d2dtextbox.obj
e:\work\github\uwpfrm\uwpfrm\d2dapp\app1\debug\d2duniversalcontrol.obj
e:\work\github\uwpfrm\uwpfrm\d2dapp\debug\app1\app1.exe
e:\work\github\uwpfrm\uwpfrm\d2dapp\debug\app1\app1.ilk
e:\work\github\uwpfrm\uwpfrm\d2dapp\debug\app1\app1.pdb
e:\work\github\uwpfrm\uwpfrm\d2dapp\app1\debug\app1.tlog\app1.read.1u.tlog
e:\work\github\uwpfrm\uwpfrm\d2dapp\app1\debug\app1.tlog\app1.write.1u.tlog
e:\work\github\uwpfrm\uwpfrm\d2dapp\app1\debug\app1.tlog\cl.command.1.tlog
e:\work\github\uwpfrm\uwpfrm\d2dapp\app1\debug\app1.tlog\cl.read.1.tlog
e:\work\github\uwpfrm\uwpfrm\d2dapp\app1\debug\app1.tlog\cl.write.1.tlog
e:\work\github\uwpfrm\uwpfrm\d2dapp\app1\debug\app1.tlog\link.command.1.tlog
e:\work\github\uwpfrm\uwpfrm\d2dapp\app1\debug\app1.tlog\link.read.1.tlog
e:\work\github\uwpfrm\uwpfrm\d2dapp\app1\debug\app1.tlog\link.write.1.tlog
